New log file opened at Tue Feb 21 10:10:35 GMT 2017 by 18032@TMCCULLOUGH450
jvm 18032@TMCCULLOUGH450
jvm vmName=Java HotSpot(TM) Client VM vmVendor=Oracle Corporation vmVersion=25.112-b15
jvm specName=Java Virtual Machine Specification specVendor=Oracle Corporation specVersion=1.8
jvm arguments: [-Xms256m, -Xmx1024m, -XX:MetaspaceSize=64m, -XX:MaxMetaspaceSize=256m]
Starting event engine
Starting sbt command engine
Waiting for sbt command engine
Command engine arguments=List()
Command engine baseDirectory=C:\Users\tmccullough\dev\PingPong
Command engine initial remaining commands List(--initialize, onFailure load-failed, boot, server-send-ready-for-request, server-handle-next-server-request)
> --initialize
> initialize
> onFailure load-failed
> boot
> reload
[Loading] Scanning directory C:\Users\tmccullough\dev\PingPong\project
[Loading] Found non-root projects 
[Loading] Done in C:\Users\tmccullough\dev\PingPong\project, returning: ()
deducing auto plugins based on known facts Set(Atom(sbt.plugins.CorePlugin)) and clauses Clauses(List(Clause(Atom(sbt.plugins.JvmPlugin),Set(Atom(sbt.plugins.IvyPlugin))), Clause(Atom(sbt.plugins.JUnitXmlReportPlugin),Set(Atom(sbt.plugins.JvmPlugin))), Clause(Atom(sbt.plugins.CorePlugin),Set(Atom(sbt.plugins.IvyPlugin))), Clause(Atom(sbt.plugins.IvyPlugin),Set(Atom(sbt.plugins.JvmPlugin))), Clause(Atom(sbt.plugins.JvmPlugin),Set(Atom(sbt.plugins.JUnitXmlReportPlugin)))))
  :: deduced result: Matched(sbt.plugins.CorePlugin,sbt.plugins.IvyPlugin,sbt.plugins.JvmPlugin,sbt.plugins.JUnitXmlReportPlugin)
sorting: ns: List(sbt.plugins.CorePlugin, sbt.plugins.IvyPlugin, sbt.plugins.JvmPlugin, sbt.plugins.JUnitXmlReportPlugin)
  :: sorting:: found: List(sbt.plugins.CorePlugin) not found List(sbt.plugins.IvyPlugin, sbt.plugins.JvmPlugin, sbt.plugins.JUnitXmlReportPlugin)
  :: sorting:: found: List(sbt.plugins.CorePlugin, sbt.plugins.IvyPlugin) not found List(sbt.plugins.JvmPlugin, sbt.plugins.JUnitXmlReportPlugin)
  :: sorting:: found: List(sbt.plugins.CorePlugin, sbt.plugins.IvyPlugin, sbt.plugins.JvmPlugin) not found List(sbt.plugins.JUnitXmlReportPlugin)
  :: sorting:: found: List(sbt.plugins.CorePlugin, sbt.plugins.IvyPlugin, sbt.plugins.JvmPlugin, sbt.plugins.JUnitXmlReportPlugin) not found List()
  :: sorted deduced result: List(sbt.plugins.CorePlugin, sbt.plugins.IvyPlugin, sbt.plugins.JvmPlugin, sbt.plugins.JUnitXmlReportPlugin)
[Loading] Done in C:\Users\tmccullough\dev\PingPong\project, returning: (pingpong-build)
Loading project definition from C:\Users\tmccullough\dev\PingPong\project
Running task... Cancel: sbt.TaskCancellationStrategy$Null$@1793b70, check cycles: false

Initial source changes: 
	removed:Set()
	added: Set()
	modified: Set()
Removed products: Set()
External API changes: API Changes: Set()
Modified binary dependencies: Set()
Initial directly invalidated sources: Set()

Sources indirectly invalidated by:
	product: Set()
	binary dep: Set()
	external source: Set()
All initially invalidated sources: Set()

Copy resource mappings: 
	
[Loading] Scanning directory C:\Users\tmccullough\dev\PingPong
[Loading] Found non-root projects 
[Loading] Done in C:\Users\tmccullough\dev\PingPong, returning: ()
deducing auto plugins based on known facts Set(Atom(sbt.plugins.CorePlugin)) and clauses Clauses(List(Clause(Atom(sbt.plugins.JvmPlugin),Set(Atom(sbt.plugins.IvyPlugin))), Clause(Atom(sbt.plugins.JUnitXmlReportPlugin),Set(Atom(sbt.plugins.JvmPlugin))), Clause(Atom(sbt.plugins.BackgroundRunPlugin),Set(Atom(sbt.plugins.JvmPlugin))), Clause(Atom(sbt.plugins.CorePlugin),Set(Atom(sbt.plugins.IvyPlugin))), Clause(Atom(sbt.plugins.IvyPlugin),Set(Atom(sbt.plugins.JvmPlugin))), Clause(Atom(sbt.plugins.JvmPlugin),Set(Atom(sbt.plugins.JUnitXmlReportPlugin))), Clause(Atom(sbt.plugins.JvmPlugin),Set(Atom(sbt.plugins.BackgroundRunPlugin))), Clause(Atom(sbt.plugins.CorePlugin),Set(Atom(sbt.plugins.InteractionServicePlugin))), Clause(Atom(sbt.plugins.CorePlugin),Set(Atom(sbt.plugins.SendEventServicePlugin))), Clause(Atom(sbt.plugins.CorePlugin),Set(Atom(sbt.plugins.SerializersPlugin)))))
  :: deduced result: Matched(sbt.plugins.CorePlugin,sbt.plugins.SerializersPlugin,sbt.plugins.SendEventServicePlugin,sbt.plugins.InteractionServicePlugin,sbt.plugins.IvyPlugin,sbt.plugins.JvmPlugin,sbt.plugins.BackgroundRunPlugin,sbt.plugins.JUnitXmlReportPlugin)
sorting: ns: List(sbt.plugins.CorePlugin, sbt.plugins.SerializersPlugin, sbt.plugins.SendEventServicePlugin, sbt.plugins.InteractionServicePlugin, sbt.plugins.IvyPlugin, sbt.plugins.JvmPlugin, sbt.plugins.BackgroundRunPlugin, sbt.plugins.JUnitXmlReportPlugin)
  :: sorting:: found: List(sbt.plugins.CorePlugin) not found List(sbt.plugins.SerializersPlugin, sbt.plugins.SendEventServicePlugin, sbt.plugins.InteractionServicePlugin, sbt.plugins.IvyPlugin, sbt.plugins.JvmPlugin, sbt.plugins.BackgroundRunPlugin, sbt.plugins.JUnitXmlReportPlugin)
  :: sorting:: found: List(sbt.plugins.CorePlugin, sbt.plugins.SerializersPlugin, sbt.plugins.SendEventServicePlugin, sbt.plugins.InteractionServicePlugin, sbt.plugins.IvyPlugin) not found List(sbt.plugins.JvmPlugin, sbt.plugins.BackgroundRunPlugin, sbt.plugins.JUnitXmlReportPlugin)
  :: sorting:: found: List(sbt.plugins.CorePlugin, sbt.plugins.SerializersPlugin, sbt.plugins.SendEventServicePlugin, sbt.plugins.InteractionServicePlugin, sbt.plugins.IvyPlugin, sbt.plugins.JvmPlugin) not found List(sbt.plugins.BackgroundRunPlugin, sbt.plugins.JUnitXmlReportPlugin)
  :: sorting:: found: List(sbt.plugins.CorePlugin, sbt.plugins.SerializersPlugin, sbt.plugins.SendEventServicePlugin, sbt.plugins.InteractionServicePlugin, sbt.plugins.IvyPlugin, sbt.plugins.JvmPlugin, sbt.plugins.BackgroundRunPlugin, sbt.plugins.JUnitXmlReportPlugin) not found List()
  :: sorted deduced result: List(sbt.plugins.CorePlugin, sbt.plugins.SerializersPlugin, sbt.plugins.SendEventServicePlugin, sbt.plugins.InteractionServicePlugin, sbt.plugins.IvyPlugin, sbt.plugins.JvmPlugin, sbt.plugins.BackgroundRunPlugin, sbt.plugins.JUnitXmlReportPlugin)
[Loading] Done in C:\Users\tmccullough\dev\PingPong, returning: (pingpong)
Set current project to futures-examples (in build file:/C:/Users/tmccullough/dev/PingPong/)
Reapplying settings...
Set current project to futures-examples (in build file:/C:/Users/tmccullough/dev/PingPong/)
> iflast shell
> server-send-ready-for-request
> server-handle-next-server-request
> {file:/C:/Users/tmccullough/dev/PingPong/}pingpong/compile:discoveredMainClasses
Evaluating tasks: compile:discoveredMainClasses
Running task... Cancel: sbt.server.ServerTaskCancellation@16a7bd3, check cycles: false
Read from stdout: Updating {file:/C:/Users/tmccullough/dev/PingPong/}pingpong...
Updating {file:/C:/Users/tmccullough/dev/PingPong/}pingpong...
Other repositories:
Default repositories:
Waiting for lock on C:\Users\tmccullough\.ivy2\.sbt.ivy.lock to be available...
Using inline dependencies specified in Scala.
:: resolving dependencies :: futures-examples#futures-examples_2.11;1.0
	confs: [compile, runtime, test, provided, optional, compile-internal, runtime-internal, test-internal, plugin, sources, docs, pom, scala-tool]
	validate = true
	refresh = false
resolving dependencies for configuration 'compile'
== resolving dependencies for futures-examples#futures-examples_2.11;1.0 [compile]
== resolving dependencies futures-examples#futures-examples_2.11;1.0->org.scala-lang#scala-library;2.11.5 [compile->default(compile)]
Read from stdout: Resolving org.scala-lang#scala-library;2.11.5 ...
Resolving org.scala-lang#scala-library;2.11.5 ...
sbt-chain: Checking cache for: sbt.ivyint.MergedDescriptors@1d2a761
sbt-chain: module revision found in cache: org.scala-lang#scala-library;2.11.5
	found org.scala-lang#scala-library;2.11.5 in sbt-chain
	[2.11.5] org.scala-lang#scala-library;2.11.5
== resolving dependencies futures-examples#futures-examples_2.11;1.0->org.scala-lang#scala-library;2.11.5 [compile->runtime]
== resolving dependencies futures-examples#futures-examples_2.11;1.0->org.scala-lang#scala-library;2.11.5 [compile->compile]
== resolving dependencies futures-examples#futures-examples_2.11;1.0->org.scala-lang#scala-library;2.11.5 [compile->master]
== resolving dependencies futures-examples#futures-examples_2.11;1.0->com.typesafe.akka#akka-actor_2.11;2.3.9 [compile->default(compile)]
Read from stdout: Resolving com.typesafe.akka#akka-actor_2.11;2.3.9 ...
Resolving com.typesafe.akka#akka-actor_2.11;2.3.9 ...
sbt-chain: Checking cache for: dependency: com.typesafe.akka#akka-actor_2.11;2.3.9 {compile=[default(compile)]}
sbt-chain: module revision found in cache: com.typesafe.akka#akka-actor_2.11;2.3.9
	found com.typesafe.akka#akka-actor_2.11;2.3.9 in sbt-chain
== resolving dependencies futures-examples#futures-examples_2.11;1.0->com.typesafe.akka#akka-actor_2.11;2.3.9 [compile->runtime]
== resolving dependencies futures-examples#futures-examples_2.11;1.0->com.typesafe.akka#akka-actor_2.11;2.3.9 [compile->compile]
== resolving dependencies com.typesafe.akka#akka-actor_2.11;2.3.9->org.scala-lang#scala-library;2.11.5 [compile->master(compile)]
== resolving dependencies com.typesafe.akka#akka-actor_2.11;2.3.9->org.scala-lang#scala-library;2.11.5 [compile->compile(*)]
== resolving dependencies com.typesafe.akka#akka-actor_2.11;2.3.9->org.scala-lang#scala-library;2.11.5 [compile->runtime(*)]
== resolving dependencies com.typesafe.akka#akka-actor_2.11;2.3.9->org.scala-lang#scala-library;2.11.5 [compile->compile]
== resolving dependencies com.typesafe.akka#akka-actor_2.11;2.3.9->com.typesafe#config;1.2.1 [compile->master(compile)]
Read from stdout: Resolving com.typesafe#config;1.2.1 ...
Resolving com.typesafe#config;1.2.1 ...
sbt-chain: Checking cache for: dependency: com.typesafe#config;1.2.1 {compile=[compile(*), master(compile)], runtime=[runtime(*)]}
sbt-chain: module revision found in cache: com.typesafe#config;1.2.1
	found com.typesafe#config;1.2.1 in sbt-chain
== resolving dependencies com.typesafe.akka#akka-actor_2.11;2.3.9->com.typesafe#config;1.2.1 [compile->compile(*)]
== resolving dependencies com.typesafe.akka#akka-actor_2.11;2.3.9->com.typesafe#config;1.2.1 [compile->runtime(*)]
== resolving dependencies com.typesafe.akka#akka-actor_2.11;2.3.9->com.typesafe#config;1.2.1 [compile->compile]
== resolving dependencies com.typesafe.akka#akka-actor_2.11;2.3.9->org.scala-lang#scala-library;2.11.5 [runtime->runtime(*)]
== resolving dependencies com.typesafe.akka#akka-actor_2.11;2.3.9->org.scala-lang#scala-library;2.11.5 [runtime->compile]
== resolving dependencies com.typesafe.akka#akka-actor_2.11;2.3.9->com.typesafe#config;1.2.1 [runtime->runtime(*)]
== resolving dependencies com.typesafe.akka#akka-actor_2.11;2.3.9->com.typesafe#config;1.2.1 [runtime->compile]
== resolving dependencies futures-examples#futures-examples_2.11;1.0->com.typesafe.akka#akka-actor_2.11;2.3.9 [compile->master]
== resolving dependencies futures-examples#futures-examples_2.11;1.0->org.scala-lang.modules#scala-java8-compat_2.11;0.7.0 [compile->default(compile)]
Read from stdout: Resolving org.scala-lang.modules#scala-java8-compat_2.11;0.7.0 ...
Resolving org.scala-lang.modules#scala-java8-compat_2.11;0.7.0 ...
sbt-chain: Checking cache for: dependency: org.scala-lang.modules#scala-java8-compat_2.11;0.7.0 {compile=[default(compile)]}
sbt-chain: module revision found in cache: org.scala-lang.modules#scala-java8-compat_2.11;0.7.0
	found org.scala-lang.modules#scala-java8-compat_2.11;0.7.0 in sbt-chain
== resolving dependencies futures-examples#futures-examples_2.11;1.0->org.scala-lang.modules#scala-java8-compat_2.11;0.7.0 [compile->runtime]
== resolving dependencies futures-examples#futures-examples_2.11;1.0->org.scala-lang.modules#scala-java8-compat_2.11;0.7.0 [compile->compile]
== resolving dependencies org.scala-lang.modules#scala-java8-compat_2.11;0.7.0->org.scala-lang#scala-library;2.11.7 [compile->master(compile)]
Read from stdout: Resolving org.scala-lang#scala-library;2.11.7 ...
Resolving org.scala-lang#scala-library;2.11.7 ...
sbt-chain: Checking cache for: dependency: org.scala-lang#scala-library;2.11.7 {compile=[compile(*), master(compile)], runtime=[runtime(*)]}
sbt-chain: module revision found in cache: org.scala-lang#scala-library;2.11.7
	found org.scala-lang#scala-library;2.11.7 in sbt-chain
	[2.11.7] org.scala-lang#scala-library;2.11.7
== resolving dependencies org.scala-lang.modules#scala-java8-compat_2.11;0.7.0->org.scala-lang#scala-library;2.11.7 [compile->compile(*)]
== resolving dependencies org.scala-lang.modules#scala-java8-compat_2.11;0.7.0->org.scala-lang#scala-library;2.11.7 [compile->runtime(*)]
== resolving dependencies org.scala-lang.modules#scala-java8-compat_2.11;0.7.0->org.scala-lang#scala-library;2.11.7 [compile->compile]
== resolving dependencies org.scala-lang.modules#scala-java8-compat_2.11;0.7.0->org.scala-lang#scala-library;2.11.7 [compile->runtime]
== resolving dependencies org.scala-lang.modules#scala-java8-compat_2.11;0.7.0->org.scala-lang#scala-library;2.11.7 [compile->compile]
== resolving dependencies org.scala-lang.modules#scala-java8-compat_2.11;0.7.0->org.scala-lang#scala-library;2.11.7 [compile->default(compile)]
== resolving dependencies org.scala-lang.modules#scala-java8-compat_2.11;0.7.0->org.scala-lang#scala-library;2.11.7 [compile->runtime]
== resolving dependencies org.scala-lang.modules#scala-java8-compat_2.11;0.7.0->org.scala-lang#scala-library;2.11.7 [compile->compile]
== resolving dependencies org.scala-lang.modules#scala-java8-compat_2.11;0.7.0->org.scala-lang#scala-library;2.11.7 [compile->master]
== resolving dependencies org.scala-lang.modules#scala-java8-compat_2.11;0.7.0->org.scala-lang#scala-library;2.11.7 [runtime->runtime(*)]
== resolving dependencies org.scala-lang.modules#scala-java8-compat_2.11;0.7.0->org.scala-lang#scala-library;2.11.7 [runtime->compile]
== resolving dependencies futures-examples#futures-examples_2.11;1.0->org.scala-lang.modules#scala-java8-compat_2.11;0.7.0 [compile->master]
resolving dependencies for configuration 'runtime'
== resolving dependencies for futures-examples#futures-examples_2.11;1.0 [runtime]
== resolving dependencies for futures-examples#futures-examples_2.11;1.0 [compile]
== resolving dependencies futures-examples#futures-examples_2.11;1.0->org.scala-lang#scala-library;2.11.5 [compile->default(compile)]
== resolving dependencies futures-examples#futures-examples_2.11;1.0->org.scala-lang#scala-library;2.11.5 [compile->runtime]
== resolving dependencies futures-examples#futures-examples_2.11;1.0->org.scala-lang#scala-library;2.11.5 [compile->compile]
== resolving dependencies futures-examples#futures-examples_2.11;1.0->org.scala-lang#scala-library;2.11.5 [compile->master]
== resolving dependencies futures-examples#futures-examples_2.11;1.0->com.typesafe.akka#akka-actor_2.11;2.3.9 [compile->default(compile)]
== resolving dependencies futures-examples#futures-examples_2.11;1.0->com.typesafe.akka#akka-actor_2.11;2.3.9 [compile->runtime]
== resolving dependencies futures-examples#futures-examples_2.11;1.0->com.typesafe.akka#akka-actor_2.11;2.3.9 [compile->compile]
== resolving dependencies com.typesafe.akka#akka-actor_2.11;2.3.9->org.scala-lang#scala-library;2.11.5 [compile->master(compile)]
== resolving dependencies com.typesafe.akka#akka-actor_2.11;2.3.9->org.scala-lang#scala-library;2.11.5 [compile->compile(*)]
== resolving dependencies com.typesafe.akka#akka-actor_2.11;2.3.9->com.typesafe#config;1.2.1 [compile->master(compile)]
== resolving dependencies com.typesafe.akka#akka-actor_2.11;2.3.9->com.typesafe#config;1.2.1 [compile->compile(*)]
== resolving dependencies com.typesafe.akka#akka-actor_2.11;2.3.9->org.scala-lang#scala-library;2.11.5 [runtime->runtime(*)]
== resolving dependencies com.typesafe.akka#akka-actor_2.11;2.3.9->org.scala-lang#scala-library;2.11.5 [runtime->compile]
== resolving dependencies com.typesafe.akka#akka-actor_2.11;2.3.9->com.typesafe#config;1.2.1 [runtime->runtime(*)]
== resolving dependencies com.typesafe.akka#akka-actor_2.11;2.3.9->com.typesafe#config;1.2.1 [runtime->compile]
== resolving dependencies futures-examples#futures-examples_2.11;1.0->com.typesafe.akka#akka-actor_2.11;2.3.9 [compile->master]
== resolving dependencies futures-examples#futures-examples_2.11;1.0->org.scala-lang.modules#scala-java8-compat_2.11;0.7.0 [compile->default(compile)]
== resolving dependencies futures-examples#futures-examples_2.11;1.0->org.scala-lang.modules#scala-java8-compat_2.11;0.7.0 [compile->runtime]
== resolving dependencies futures-examples#futures-examples_2.11;1.0->org.scala-lang.modules#scala-java8-compat_2.11;0.7.0 [compile->compile]
== resolving dependencies org.scala-lang.modules#scala-java8-compat_2.11;0.7.0->org.scala-lang#scala-library;2.11.7 [compile->master(compile)]
== resolving dependencies org.scala-lang.modules#scala-java8-compat_2.11;0.7.0->org.scala-lang#scala-library;2.11.7 [compile->compile(*)]
== resolving dependencies org.scala-lang.modules#scala-java8-compat_2.11;0.7.0->org.scala-lang#scala-library;2.11.7 [runtime->runtime(*)]
== resolving dependencies org.scala-lang.modules#scala-java8-compat_2.11;0.7.0->org.scala-lang#scala-library;2.11.7 [runtime->compile]
== resolving dependencies futures-examples#futures-examples_2.11;1.0->org.scala-lang.modules#scala-java8-compat_2.11;0.7.0 [compile->master]
resolving dependencies for configuration 'test'
== resolving dependencies for futures-examples#futures-examples_2.11;1.0 [test]
== resolving dependencies for futures-examples#futures-examples_2.11;1.0 [runtime]
== resolving dependencies for futures-examples#futures-examples_2.11;1.0 [compile]
== resolving dependencies futures-examples#futures-examples_2.11;1.0->org.scala-lang#scala-library;2.11.5 [compile->default(compile)]
== resolving dependencies futures-examples#futures-examples_2.11;1.0->org.scala-lang#scala-library;2.11.5 [compile->runtime]
== resolving dependencies futures-examples#futures-examples_2.11;1.0->org.scala-lang#scala-library;2.11.5 [compile->compile]
== resolving dependencies futures-examples#futures-examples_2.11;1.0->org.scala-lang#scala-library;2.11.5 [compile->master]
== resolving dependencies futures-examples#futures-examples_2.11;1.0->com.typesafe.akka#akka-actor_2.11;2.3.9 [compile->default(compile)]
== resolving dependencies futures-examples#futures-examples_2.11;1.0->com.typesafe.akka#akka-actor_2.11;2.3.9 [compile->runtime]
== resolving dependencies futures-examples#futures-examples_2.11;1.0->com.typesafe.akka#akka-actor_2.11;2.3.9 [compile->compile]
== resolving dependencies com.typesafe.akka#akka-actor_2.11;2.3.9->org.scala-lang#scala-library;2.11.5 [compile->master(compile)]
== resolving dependencies com.typesafe.akka#akka-actor_2.11;2.3.9->org.scala-lang#scala-library;2.11.5 [compile->compile(*)]
== resolving dependencies com.typesafe.akka#akka-actor_2.11;2.3.9->com.typesafe#config;1.2.1 [compile->master(compile)]
== resolving dependencies com.typesafe.akka#akka-actor_2.11;2.3.9->com.typesafe#config;1.2.1 [compile->compile(*)]
== resolving dependencies com.typesafe.akka#akka-actor_2.11;2.3.9->org.scala-lang#scala-library;2.11.5 [runtime->runtime(*)]
== resolving dependencies com.typesafe.akka#akka-actor_2.11;2.3.9->org.scala-lang#scala-library;2.11.5 [runtime->compile]
== resolving dependencies com.typesafe.akka#akka-actor_2.11;2.3.9->com.typesafe#config;1.2.1 [runtime->runtime(*)]
== resolving dependencies com.typesafe.akka#akka-actor_2.11;2.3.9->com.typesafe#config;1.2.1 [runtime->compile]
== resolving dependencies futures-examples#futures-examples_2.11;1.0->com.typesafe.akka#akka-actor_2.11;2.3.9 [compile->master]
== resolving dependencies futures-examples#futures-examples_2.11;1.0->org.scala-lang.modules#scala-java8-compat_2.11;0.7.0 [compile->default(compile)]
== resolving dependencies futures-examples#futures-examples_2.11;1.0->org.scala-lang.modules#scala-java8-compat_2.11;0.7.0 [compile->runtime]
== resolving dependencies futures-examples#futures-examples_2.11;1.0->org.scala-lang.modules#scala-java8-compat_2.11;0.7.0 [compile->compile]
== resolving dependencies org.scala-lang.modules#scala-java8-compat_2.11;0.7.0->org.scala-lang#scala-library;2.11.7 [compile->master(compile)]
== resolving dependencies org.scala-lang.modules#scala-java8-compat_2.11;0.7.0->org.scala-lang#scala-library;2.11.7 [compile->compile(*)]
== resolving dependencies org.scala-lang.modules#scala-java8-compat_2.11;0.7.0->org.scala-lang#scala-library;2.11.7 [runtime->runtime(*)]
== resolving dependencies org.scala-lang.modules#scala-java8-compat_2.11;0.7.0->org.scala-lang#scala-library;2.11.7 [runtime->compile]
== resolving dependencies futures-examples#futures-examples_2.11;1.0->org.scala-lang.modules#scala-java8-compat_2.11;0.7.0 [compile->master]
== resolving dependencies futures-examples#futures-examples_2.11;1.0->com.typesafe.akka#akka-testkit_2.11;2.3.9 [test->default(compile)]
Read from stdout: Resolving com.typesafe.akka#akka-testkit_2.11;2.3.9 ...
Resolving com.typesafe.akka#akka-testkit_2.11;2.3.9 ...
sbt-chain: Checking cache for: dependency: com.typesafe.akka#akka-testkit_2.11;2.3.9 {test=[default(compile)]}
sbt-chain: module revision found in cache: com.typesafe.akka#akka-testkit_2.11;2.3.9
	found com.typesafe.akka#akka-testkit_2.11;2.3.9 in sbt-chain
== resolving dependencies futures-examples#futures-examples_2.11;1.0->com.typesafe.akka#akka-testkit_2.11;2.3.9 [test->runtime]
== resolving dependencies futures-examples#futures-examples_2.11;1.0->com.typesafe.akka#akka-testkit_2.11;2.3.9 [test->compile]
== resolving dependencies com.typesafe.akka#akka-testkit_2.11;2.3.9->org.scala-lang#scala-library;2.11.5 [compile->master(compile)]
== resolving dependencies com.typesafe.akka#akka-testkit_2.11;2.3.9->org.scala-lang#scala-library;2.11.7 [compile->master(compile)]
== resolving dependencies com.typesafe.akka#akka-testkit_2.11;2.3.9->org.scala-lang#scala-library;2.11.5 [compile->compile(*)]
== resolving dependencies com.typesafe.akka#akka-testkit_2.11;2.3.9->org.scala-lang#scala-library;2.11.7 [compile->compile(*)]
== resolving dependencies com.typesafe.akka#akka-testkit_2.11;2.3.9->com.typesafe.akka#akka-actor_2.11;2.3.9 [compile->master(compile)]
== resolving dependencies com.typesafe.akka#akka-testkit_2.11;2.3.9->com.typesafe.akka#akka-actor_2.11;2.3.9 [compile->compile(*)]
== resolving dependencies com.typesafe.akka#akka-testkit_2.11;2.3.9->com.typesafe.akka#akka-actor_2.11;2.3.9 [compile->runtime(*)]
== resolving dependencies com.typesafe.akka#akka-testkit_2.11;2.3.9->com.typesafe.akka#akka-actor_2.11;2.3.9 [compile->compile]
== resolving dependencies com.typesafe.akka#akka-testkit_2.11;2.3.9->org.scala-lang#scala-library;2.11.5 [runtime->runtime(*)]
== resolving dependencies com.typesafe.akka#akka-testkit_2.11;2.3.9->org.scala-lang#scala-library;2.11.7 [runtime->runtime(*)]
== resolving dependencies com.typesafe.akka#akka-testkit_2.11;2.3.9->org.scala-lang#scala-library;2.11.7 [runtime->compile]
== resolving dependencies com.typesafe.akka#akka-testkit_2.11;2.3.9->com.typesafe.akka#akka-actor_2.11;2.3.9 [runtime->runtime(*)]
== resolving dependencies com.typesafe.akka#akka-testkit_2.11;2.3.9->com.typesafe.akka#akka-actor_2.11;2.3.9 [runtime->compile]
== resolving dependencies futures-examples#futures-examples_2.11;1.0->com.typesafe.akka#akka-testkit_2.11;2.3.9 [test->master]
== resolving dependencies futures-examples#futures-examples_2.11;1.0->junit#junit;4.11 [test->default(compile)]
Read from stdout: Resolving junit#junit;4.11 ...
Resolving junit#junit;4.11 ...
sbt-chain: Checking cache for: dependency: junit#junit;4.11 {test=[default(compile)]}
sbt-chain: module revision found in cache: junit#junit;4.11
	found junit#junit;4.11 in sbt-chain
== resolving dependencies futures-examples#futures-examples_2.11;1.0->junit#junit;4.11 [test->runtime]
== resolving dependencies futures-examples#futures-examples_2.11;1.0->junit#junit;4.11 [test->compile]
== resolving dependencies junit#junit;4.11->org.hamcrest#hamcrest-core;1.3 [compile->master(compile)]
Read from stdout: Resolving org.hamcrest#hamcrest-core;1.3 ...
Resolving org.hamcrest#hamcrest-core;1.3 ...
sbt-chain: Checking cache for: dependency: org.hamcrest#hamcrest-core;1.3 {compile=[compile(*), master(compile)], runtime=[runtime(*)]}
sbt-chain: module revision found in cache: org.hamcrest#hamcrest-core;1.3
	found org.hamcrest#hamcrest-core;1.3 in sbt-chain
== resolving dependencies junit#junit;4.11->org.hamcrest#hamcrest-core;1.3 [compile->compile(*)]
== resolving dependencies junit#junit;4.11->org.hamcrest#hamcrest-core;1.3 [compile->runtime(*)]
== resolving dependencies junit#junit;4.11->org.hamcrest#hamcrest-core;1.3 [compile->compile]
== resolving dependencies junit#junit;4.11->org.hamcrest#hamcrest-core;1.3 [runtime->runtime(*)]
== resolving dependencies junit#junit;4.11->org.hamcrest#hamcrest-core;1.3 [runtime->compile]
== resolving dependencies futures-examples#futures-examples_2.11;1.0->junit#junit;4.11 [test->master]
== resolving dependencies futures-examples#futures-examples_2.11;1.0->com.novocode#junit-interface;0.11 [test->default(compile)]
Read from stdout: Resolving com.novocode#junit-interface;0.11 ...
Resolving com.novocode#junit-interface;0.11 ...
sbt-chain: Checking cache for: dependency: com.novocode#junit-interface;0.11 {test=[default(compile)]}
sbt-chain: module revision found in cache: com.novocode#junit-interface;0.11
	found com.novocode#junit-interface;0.11 in sbt-chain
== resolving dependencies futures-examples#futures-examples_2.11;1.0->com.novocode#junit-interface;0.11 [test->runtime]
== resolving dependencies futures-examples#futures-examples_2.11;1.0->com.novocode#junit-interface;0.11 [test->compile]
== resolving dependencies com.novocode#junit-interface;0.11->junit#junit;4.11 [compile->master(compile)]
== resolving dependencies com.novocode#junit-interface;0.11->junit#junit;4.11 [compile->compile(*)]
== resolving dependencies com.novocode#junit-interface;0.11->junit#junit;4.11 [compile->runtime(*)]
== resolving dependencies com.novocode#junit-interface;0.11->junit#junit;4.11 [compile->compile]
== resolving dependencies com.novocode#junit-interface;0.11->org.scala-sbt#test-interface;1.0 [compile->master(compile)]
Read from stdout: Resolving org.scala-sbt#test-interface;1.0 ...
Resolving org.scala-sbt#test-interface;1.0 ...
sbt-chain: Checking cache for: dependency: org.scala-sbt#test-interface;1.0 {compile=[compile(*), master(compile)], runtime=[runtime(*)]}
sbt-chain: module revision found in cache: org.scala-sbt#test-interface;1.0
	found org.scala-sbt#test-interface;1.0 in sbt-chain
== resolving dependencies com.novocode#junit-interface;0.11->org.scala-sbt#test-interface;1.0 [compile->compile(*)]
== resolving dependencies com.novocode#junit-interface;0.11->org.scala-sbt#test-interface;1.0 [compile->runtime(*)]
== resolving dependencies com.novocode#junit-interface;0.11->org.scala-sbt#test-interface;1.0 [compile->compile]
== resolving dependencies com.novocode#junit-interface;0.11->junit#junit;4.11 [runtime->runtime(*)]
== resolving dependencies com.novocode#junit-interface;0.11->junit#junit;4.11 [runtime->compile]
== resolving dependencies com.novocode#junit-interface;0.11->org.scala-sbt#test-interface;1.0 [runtime->runtime(*)]
== resolving dependencies com.novocode#junit-interface;0.11->org.scala-sbt#test-interface;1.0 [runtime->compile]
== resolving dependencies futures-examples#futures-examples_2.11;1.0->com.novocode#junit-interface;0.11 [test->master]
resolving dependencies for configuration 'provided'
== resolving dependencies for futures-examples#futures-examples_2.11;1.0 [provided]
resolving dependencies for configuration 'optional'
== resolving dependencies for futures-examples#futures-examples_2.11;1.0 [optional]
resolving dependencies for configuration 'compile-internal'
== resolving dependencies for futures-examples#futures-examples_2.11;1.0 [compile-internal]
== resolving dependencies for futures-examples#futures-examples_2.11;1.0 [compile]
== resolving dependencies futures-examples#futures-examples_2.11;1.0->org.scala-lang#scala-library;2.11.5 [compile->default(compile)]
== resolving dependencies futures-examples#futures-examples_2.11;1.0->org.scala-lang#scala-library;2.11.5 [compile->runtime]
== resolving dependencies futures-examples#futures-examples_2.11;1.0->org.scala-lang#scala-library;2.11.5 [compile->compile]
== resolving dependencies futures-examples#futures-examples_2.11;1.0->org.scala-lang#scala-library;2.11.5 [compile->master]
== resolving dependencies futures-examples#futures-examples_2.11;1.0->com.typesafe.akka#akka-actor_2.11;2.3.9 [compile->default(compile)]
== resolving dependencies futures-examples#futures-examples_2.11;1.0->com.typesafe.akka#akka-actor_2.11;2.3.9 [compile->runtime]
== resolving dependencies futures-examples#futures-examples_2.11;1.0->com.typesafe.akka#akka-actor_2.11;2.3.9 [compile->compile]
== resolving dependencies com.typesafe.akka#akka-actor_2.11;2.3.9->org.scala-lang#scala-library;2.11.5 [compile->master(compile)]
== resolving dependencies com.typesafe.akka#akka-actor_2.11;2.3.9->org.scala-lang#scala-library;2.11.5 [compile->compile(*)]
== resolving dependencies com.typesafe.akka#akka-actor_2.11;2.3.9->com.typesafe#config;1.2.1 [compile->master(compile)]
== resolving dependencies com.typesafe.akka#akka-actor_2.11;2.3.9->com.typesafe#config;1.2.1 [compile->compile(*)]
== resolving dependencies com.typesafe.akka#akka-actor_2.11;2.3.9->org.scala-lang#scala-library;2.11.5 [runtime->runtime(*)]
== resolving dependencies com.typesafe.akka#akka-actor_2.11;2.3.9->org.scala-lang#scala-library;2.11.5 [runtime->compile]
== resolving dependencies com.typesafe.akka#akka-actor_2.11;2.3.9->com.typesafe#config;1.2.1 [runtime->runtime(*)]
== resolving dependencies com.typesafe.akka#akka-actor_2.11;2.3.9->com.typesafe#config;1.2.1 [runtime->compile]
== resolving dependencies futures-examples#futures-examples_2.11;1.0->com.typesafe.akka#akka-actor_2.11;2.3.9 [compile->master]
== resolving dependencies futures-examples#futures-examples_2.11;1.0->org.scala-lang.modules#scala-java8-compat_2.11;0.7.0 [compile->default(compile)]
== resolving dependencies futures-examples#futures-examples_2.11;1.0->org.scala-lang.modules#scala-java8-compat_2.11;0.7.0 [compile->runtime]
== resolving dependencies futures-examples#futures-examples_2.11;1.0->org.scala-lang.modules#scala-java8-compat_2.11;0.7.0 [compile->compile]
== resolving dependencies org.scala-lang.modules#scala-java8-compat_2.11;0.7.0->org.scala-lang#scala-library;2.11.7 [compile->master(compile)]
== resolving dependencies org.scala-lang.modules#scala-java8-compat_2.11;0.7.0->org.scala-lang#scala-library;2.11.7 [compile->compile(*)]
== resolving dependencies org.scala-lang.modules#scala-java8-compat_2.11;0.7.0->org.scala-lang#scala-library;2.11.7 [runtime->runtime(*)]
== resolving dependencies org.scala-lang.modules#scala-java8-compat_2.11;0.7.0->org.scala-lang#scala-library;2.11.7 [runtime->compile]
== resolving dependencies futures-examples#futures-examples_2.11;1.0->org.scala-lang.modules#scala-java8-compat_2.11;0.7.0 [compile->master]
== resolving dependencies for futures-examples#futures-examples_2.11;1.0 [optional]
== resolving dependencies for futures-examples#futures-examples_2.11;1.0 [provided]
resolving dependencies for configuration 'runtime-internal'
== resolving dependencies for futures-examples#futures-examples_2.11;1.0 [runtime-internal]
== resolving dependencies for futures-examples#futures-examples_2.11;1.0 [runtime]
== resolving dependencies for futures-examples#futures-examples_2.11;1.0 [compile]
== resolving dependencies futures-examples#futures-examples_2.11;1.0->org.scala-lang#scala-library;2.11.5 [compile->default(compile)]
== resolving dependencies futures-examples#futures-examples_2.11;1.0->org.scala-lang#scala-library;2.11.5 [compile->runtime]
== resolving dependencies futures-examples#futures-examples_2.11;1.0->org.scala-lang#scala-library;2.11.5 [compile->compile]
== resolving dependencies futures-examples#futures-examples_2.11;1.0->org.scala-lang#scala-library;2.11.5 [compile->master]
== resolving dependencies futures-examples#futures-examples_2.11;1.0->com.typesafe.akka#akka-actor_2.11;2.3.9 [compile->default(compile)]
== resolving dependencies futures-examples#futures-examples_2.11;1.0->com.typesafe.akka#akka-actor_2.11;2.3.9 [compile->runtime]
== resolving dependencies futures-examples#futures-examples_2.11;1.0->com.typesafe.akka#akka-actor_2.11;2.3.9 [compile->compile]
== resolving dependencies com.typesafe.akka#akka-actor_2.11;2.3.9->org.scala-lang#scala-library;2.11.5 [compile->master(compile)]
== resolving dependencies com.typesafe.akka#akka-actor_2.11;2.3.9->org.scala-lang#scala-library;2.11.5 [compile->compile(*)]
== resolving dependencies com.typesafe.akka#akka-actor_2.11;2.3.9->com.typesafe#config;1.2.1 [compile->master(compile)]
== resolving dependencies com.typesafe.akka#akka-actor_2.11;2.3.9->com.typesafe#config;1.2.1 [compile->compile(*)]
== resolving dependencies com.typesafe.akka#akka-actor_2.11;2.3.9->org.scala-lang#scala-library;2.11.5 [runtime->runtime(*)]
== resolving dependencies com.typesafe.akka#akka-actor_2.11;2.3.9->org.scala-lang#scala-library;2.11.5 [runtime->compile]
== resolving dependencies com.typesafe.akka#akka-actor_2.11;2.3.9->com.typesafe#config;1.2.1 [runtime->runtime(*)]
== resolving dependencies com.typesafe.akka#akka-actor_2.11;2.3.9->com.typesafe#config;1.2.1 [runtime->compile]
== resolving dependencies futures-examples#futures-examples_2.11;1.0->com.typesafe.akka#akka-actor_2.11;2.3.9 [compile->master]
== resolving dependencies futures-examples#futures-examples_2.11;1.0->org.scala-lang.modules#scala-java8-compat_2.11;0.7.0 [compile->default(compile)]
== resolving dependencies futures-examples#futures-examples_2.11;1.0->org.scala-lang.modules#scala-java8-compat_2.11;0.7.0 [compile->runtime]
== resolving dependencies futures-examples#futures-examples_2.11;1.0->org.scala-lang.modules#scala-java8-compat_2.11;0.7.0 [compile->compile]
== resolving dependencies org.scala-lang.modules#scala-java8-compat_2.11;0.7.0->org.scala-lang#scala-library;2.11.7 [compile->master(compile)]
== resolving dependencies org.scala-lang.modules#scala-java8-compat_2.11;0.7.0->org.scala-lang#scala-library;2.11.7 [compile->compile(*)]
== resolving dependencies org.scala-lang.modules#scala-java8-compat_2.11;0.7.0->org.scala-lang#scala-library;2.11.7 [runtime->runtime(*)]
== resolving dependencies org.scala-lang.modules#scala-java8-compat_2.11;0.7.0->org.scala-lang#scala-library;2.11.7 [runtime->compile]
== resolving dependencies futures-examples#futures-examples_2.11;1.0->org.scala-lang.modules#scala-java8-compat_2.11;0.7.0 [compile->master]
== resolving dependencies for futures-examples#futures-examples_2.11;1.0 [optional]
resolving dependencies for configuration 'test-internal'
== resolving dependencies for futures-examples#futures-examples_2.11;1.0 [test-internal]
== resolving dependencies for futures-examples#futures-examples_2.11;1.0 [test]
== resolving dependencies for futures-examples#futures-examples_2.11;1.0 [runtime]
== resolving dependencies for futures-examples#futures-examples_2.11;1.0 [compile]
== resolving dependencies futures-examples#futures-examples_2.11;1.0->org.scala-lang#scala-library;2.11.5 [compile->default(compile)]
== resolving dependencies futures-examples#futures-examples_2.11;1.0->org.scala-lang#scala-library;2.11.5 [compile->runtime]
== resolving dependencies futures-examples#futures-examples_2.11;1.0->org.scala-lang#scala-library;2.11.5 [compile->compile]
== resolving dependencies futures-examples#futures-examples_2.11;1.0->org.scala-lang#scala-library;2.11.5 [compile->master]
== resolving dependencies futures-examples#futures-examples_2.11;1.0->com.typesafe.akka#akka-actor_2.11;2.3.9 [compile->default(compile)]
== resolving dependencies futures-examples#futures-examples_2.11;1.0->com.typesafe.akka#akka-actor_2.11;2.3.9 [compile->runtime]
== resolving dependencies futures-examples#futures-examples_2.11;1.0->com.typesafe.akka#akka-actor_2.11;2.3.9 [compile->compile]
== resolving dependencies com.typesafe.akka#akka-actor_2.11;2.3.9->org.scala-lang#scala-library;2.11.5 [compile->master(compile)]
== resolving dependencies com.typesafe.akka#akka-actor_2.11;2.3.9->org.scala-lang#scala-library;2.11.5 [compile->compile(*)]
== resolving dependencies com.typesafe.akka#akka-actor_2.11;2.3.9->com.typesafe#config;1.2.1 [compile->master(compile)]
== resolving dependencies com.typesafe.akka#akka-actor_2.11;2.3.9->com.typesafe#config;1.2.1 [compile->compile(*)]
== resolving dependencies com.typesafe.akka#akka-actor_2.11;2.3.9->org.scala-lang#scala-library;2.11.5 [runtime->runtime(*)]
== resolving dependencies com.typesafe.akka#akka-actor_2.11;2.3.9->org.scala-lang#scala-library;2.11.5 [runtime->compile]
== resolving dependencies com.typesafe.akka#akka-actor_2.11;2.3.9->com.typesafe#config;1.2.1 [runtime->runtime(*)]
== resolving dependencies com.typesafe.akka#akka-actor_2.11;2.3.9->com.typesafe#config;1.2.1 [runtime->compile]
== resolving dependencies futures-examples#futures-examples_2.11;1.0->com.typesafe.akka#akka-actor_2.11;2.3.9 [compile->master]
== resolving dependencies futures-examples#futures-examples_2.11;1.0->org.scala-lang.modules#scala-java8-compat_2.11;0.7.0 [compile->default(compile)]
== resolving dependencies futures-examples#futures-examples_2.11;1.0->org.scala-lang.modules#scala-java8-compat_2.11;0.7.0 [compile->runtime]
== resolving dependencies futures-examples#futures-examples_2.11;1.0->org.scala-lang.modules#scala-java8-compat_2.11;0.7.0 [compile->compile]
== resolving dependencies org.scala-lang.modules#scala-java8-compat_2.11;0.7.0->org.scala-lang#scala-library;2.11.7 [compile->master(compile)]
== resolving dependencies org.scala-lang.modules#scala-java8-compat_2.11;0.7.0->org.scala-lang#scala-library;2.11.7 [compile->compile(*)]
== resolving dependencies org.scala-lang.modules#scala-java8-compat_2.11;0.7.0->org.scala-lang#scala-library;2.11.7 [runtime->runtime(*)]
== resolving dependencies org.scala-lang.modules#scala-java8-compat_2.11;0.7.0->org.scala-lang#scala-library;2.11.7 [runtime->compile]
== resolving dependencies futures-examples#futures-examples_2.11;1.0->org.scala-lang.modules#scala-java8-compat_2.11;0.7.0 [compile->master]
== resolving dependencies futures-examples#futures-examples_2.11;1.0->com.typesafe.akka#akka-testkit_2.11;2.3.9 [test->default(compile)]
== resolving dependencies futures-examples#futures-examples_2.11;1.0->com.typesafe.akka#akka-testkit_2.11;2.3.9 [test->runtime]
== resolving dependencies futures-examples#futures-examples_2.11;1.0->com.typesafe.akka#akka-testkit_2.11;2.3.9 [test->compile]
== resolving dependencies com.typesafe.akka#akka-testkit_2.11;2.3.9->org.scala-lang#scala-library;2.11.5 [compile->master(compile)]
== resolving dependencies com.typesafe.akka#akka-testkit_2.11;2.3.9->org.scala-lang#scala-library;2.11.7 [compile->master(compile)]
== resolving dependencies com.typesafe.akka#akka-testkit_2.11;2.3.9->org.scala-lang#scala-library;2.11.5 [compile->compile(*)]
== resolving dependencies com.typesafe.akka#akka-testkit_2.11;2.3.9->org.scala-lang#scala-library;2.11.7 [compile->compile(*)]
== resolving dependencies com.typesafe.akka#akka-testkit_2.11;2.3.9->com.typesafe.akka#akka-actor_2.11;2.3.9 [compile->master(compile)]
== resolving dependencies com.typesafe.akka#akka-testkit_2.11;2.3.9->com.typesafe.akka#akka-actor_2.11;2.3.9 [compile->compile(*)]
== resolving dependencies com.typesafe.akka#akka-testkit_2.11;2.3.9->org.scala-lang#scala-library;2.11.5 [runtime->runtime(*)]
== resolving dependencies com.typesafe.akka#akka-testkit_2.11;2.3.9->org.scala-lang#scala-library;2.11.7 [runtime->runtime(*)]
== resolving dependencies com.typesafe.akka#akka-testkit_2.11;2.3.9->org.scala-lang#scala-library;2.11.7 [runtime->compile]
== resolving dependencies com.typesafe.akka#akka-testkit_2.11;2.3.9->com.typesafe.akka#akka-actor_2.11;2.3.9 [runtime->runtime(*)]
== resolving dependencies com.typesafe.akka#akka-testkit_2.11;2.3.9->com.typesafe.akka#akka-actor_2.11;2.3.9 [runtime->compile]
== resolving dependencies futures-examples#futures-examples_2.11;1.0->com.typesafe.akka#akka-testkit_2.11;2.3.9 [test->master]
== resolving dependencies futures-examples#futures-examples_2.11;1.0->junit#junit;4.11 [test->default(compile)]
== resolving dependencies futures-examples#futures-examples_2.11;1.0->junit#junit;4.11 [test->runtime]
== resolving dependencies futures-examples#futures-examples_2.11;1.0->junit#junit;4.11 [test->compile]
== resolving dependencies junit#junit;4.11->org.hamcrest#hamcrest-core;1.3 [compile->master(compile)]
== resolving dependencies junit#junit;4.11->org.hamcrest#hamcrest-core;1.3 [compile->compile(*)]
== resolving dependencies junit#junit;4.11->org.hamcrest#hamcrest-core;1.3 [runtime->runtime(*)]
== resolving dependencies junit#junit;4.11->org.hamcrest#hamcrest-core;1.3 [runtime->compile]
== resolving dependencies futures-examples#futures-examples_2.11;1.0->junit#junit;4.11 [test->master]
== resolving dependencies futures-examples#futures-examples_2.11;1.0->com.novocode#junit-interface;0.11 [test->default(compile)]
== resolving dependencies futures-examples#futures-examples_2.11;1.0->com.novocode#junit-interface;0.11 [test->runtime]
== resolving dependencies futures-examples#futures-examples_2.11;1.0->com.novocode#junit-interface;0.11 [test->compile]
== resolving dependencies com.novocode#junit-interface;0.11->junit#junit;4.11 [compile->master(compile)]
== resolving dependencies com.novocode#junit-interface;0.11->junit#junit;4.11 [compile->compile(*)]
== resolving dependencies com.novocode#junit-interface;0.11->org.scala-sbt#test-interface;1.0 [compile->master(compile)]
== resolving dependencies com.novocode#junit-interface;0.11->org.scala-sbt#test-interface;1.0 [compile->compile(*)]
== resolving dependencies com.novocode#junit-interface;0.11->junit#junit;4.11 [runtime->runtime(*)]
== resolving dependencies com.novocode#junit-interface;0.11->junit#junit;4.11 [runtime->compile]
== resolving dependencies com.novocode#junit-interface;0.11->org.scala-sbt#test-interface;1.0 [runtime->runtime(*)]
== resolving dependencies com.novocode#junit-interface;0.11->org.scala-sbt#test-interface;1.0 [runtime->compile]
== resolving dependencies futures-examples#futures-examples_2.11;1.0->com.novocode#junit-interface;0.11 [test->master]
== resolving dependencies for futures-examples#futures-examples_2.11;1.0 [optional]
== resolving dependencies for futures-examples#futures-examples_2.11;1.0 [provided]
resolving dependencies for configuration 'plugin'
== resolving dependencies for futures-examples#futures-examples_2.11;1.0 [plugin]
resolving dependencies for configuration 'sources'
== resolving dependencies for futures-examples#futures-examples_2.11;1.0 [sources]
resolving dependencies for configuration 'docs'
== resolving dependencies for futures-examples#futures-examples_2.11;1.0 [docs]
resolving dependencies for configuration 'pom'
== resolving dependencies for futures-examples#futures-examples_2.11;1.0 [pom]
resolving dependencies for configuration 'scala-tool'
== resolving dependencies for futures-examples#futures-examples_2.11;1.0 [scala-tool]
== resolving dependencies futures-examples#futures-examples_2.11;1.0->org.scala-lang#scala-compiler;2.11.5 [scala-tool->default]
Read from stdout: Resolving org.scala-lang#scala-compiler;2.11.5 ...
Resolving org.scala-lang#scala-compiler;2.11.5 ...
sbt-chain: Checking cache for: dependency: org.scala-lang#scala-compiler;2.11.5 {scala-tool=[default, optional(default)]}
sbt-chain: module revision found in cache: org.scala-lang#scala-compiler;2.11.5
	found org.scala-lang#scala-compiler;2.11.5 in sbt-chain
== resolving dependencies futures-examples#futures-examples_2.11;1.0->org.scala-lang#scala-compiler;2.11.5 [scala-tool->runtime]
== resolving dependencies futures-examples#futures-examples_2.11;1.0->org.scala-lang#scala-compiler;2.11.5 [scala-tool->compile]
== resolving dependencies org.scala-lang#scala-compiler;2.11.5->org.scala-lang#scala-library;2.11.5 [compile->master(compile)]
== resolving dependencies org.scala-lang#scala-compiler;2.11.5->org.scala-lang#scala-library;2.11.5 [compile->compile(*)]
== resolving dependencies org.scala-lang#scala-compiler;2.11.5->org.scala-lang#scala-library;2.11.5 [compile->default]
== resolving dependencies org.scala-lang#scala-compiler;2.11.5->org.scala-lang#scala-library;2.11.5 [compile->runtime]
== resolving dependencies org.scala-lang#scala-compiler;2.11.5->org.scala-lang#scala-library;2.11.5 [compile->compile]
== resolving dependencies org.scala-lang#scala-compiler;2.11.5->org.scala-lang#scala-library;2.11.5 [compile->master]
== resolving dependencies org.scala-lang#scala-compiler;2.11.5->org.scala-lang#scala-library;2.11.5 [compile->optional(default)]
== resolving dependencies org.scala-lang#scala-compiler;2.11.5->org.scala-lang#scala-reflect;2.11.5 [compile->master(compile)]
Read from stdout: Resolving org.scala-lang#scala-reflect;2.11.5 ...
Resolving org.scala-lang#scala-reflect;2.11.5 ...
sbt-chain: Checking cache for: dependency: org.scala-lang#scala-reflect;2.11.5 {compile=[compile(*), master(compile)], runtime=[runtime(*)]}
sbt-chain: module revision found in cache: org.scala-lang#scala-reflect;2.11.5
	found org.scala-lang#scala-reflect;2.11.5 in sbt-chain
	[2.11.5] org.scala-lang#scala-reflect;2.11.5
== resolving dependencies org.scala-lang#scala-compiler;2.11.5->org.scala-lang#scala-reflect;2.11.5 [compile->compile(*)]
== resolving dependencies org.scala-lang#scala-reflect;2.11.5->org.scala-lang#scala-library;2.11.5 [compile->master(compile)]
== resolving dependencies org.scala-lang#scala-reflect;2.11.5->org.scala-lang#scala-library;2.11.5 [compile->compile(*)]
== resolving dependencies org.scala-lang#scala-compiler;2.11.5->org.scala-lang#scala-reflect;2.11.5 [compile->runtime(*)]
== resolving dependencies org.scala-lang#scala-compiler;2.11.5->org.scala-lang#scala-reflect;2.11.5 [compile->compile]
== resolving dependencies org.scala-lang#scala-reflect;2.11.5->org.scala-lang#scala-library;2.11.5 [runtime->runtime(*)]
== resolving dependencies org.scala-lang#scala-reflect;2.11.5->org.scala-lang#scala-library;2.11.5 [runtime->compile]
== resolving dependencies org.scala-lang#scala-compiler;2.11.5->org.scala-lang.modules#scala-xml_2.11;1.0.3 [compile->master(compile)]
Read from stdout: Resolving org.scala-lang.modules#scala-xml_2.11;1.0.3 ...
Resolving org.scala-lang.modules#scala-xml_2.11;1.0.3 ...
sbt-chain: Checking cache for: dependency: org.scala-lang.modules#scala-xml_2.11;1.0.3 {compile=[compile(*), master(compile)], runtime=[runtime(*)]}
sbt-chain: module revision found in cache: org.scala-lang.modules#scala-xml_2.11;1.0.3
	found org.scala-lang.modules#scala-xml_2.11;1.0.3 in sbt-chain
== resolving dependencies org.scala-lang#scala-compiler;2.11.5->org.scala-lang.modules#scala-xml_2.11;1.0.3 [compile->compile(*)]
== resolving dependencies org.scala-lang.modules#scala-xml_2.11;1.0.3->org.scala-lang#scala-library;2.11.4 [compile->master(compile)]
== resolving dependencies org.scala-lang.modules#scala-xml_2.11;1.0.3->org.scala-lang#scala-library;2.11.5 [compile->master(compile)]
== resolving dependencies org.scala-lang.modules#scala-xml_2.11;1.0.3->org.scala-lang#scala-library;2.11.4 [compile->compile(*)]
== resolving dependencies org.scala-lang.modules#scala-xml_2.11;1.0.3->org.scala-lang#scala-library;2.11.5 [compile->compile(*)]
== resolving dependencies org.scala-lang#scala-compiler;2.11.5->org.scala-lang.modules#scala-xml_2.11;1.0.3 [compile->runtime(*)]
== resolving dependencies org.scala-lang#scala-compiler;2.11.5->org.scala-lang.modules#scala-xml_2.11;1.0.3 [compile->compile]
== resolving dependencies org.scala-lang.modules#scala-xml_2.11;1.0.3->org.scala-lang#scala-library;2.11.4 [runtime->runtime(*)]
== resolving dependencies org.scala-lang.modules#scala-xml_2.11;1.0.3->org.scala-lang#scala-library;2.11.5 [runtime->runtime(*)]
== resolving dependencies org.scala-lang.modules#scala-xml_2.11;1.0.3->org.scala-lang#scala-library;2.11.5 [runtime->compile]
== resolving dependencies org.scala-lang#scala-compiler;2.11.5->org.scala-lang.modules#scala-parser-combinators_2.11;1.0.3 [compile->master(compile)]
Read from stdout: Resolving org.scala-lang.modules#scala-parser-combinators_2.11;1.0.3 ...
Resolving org.scala-lang.modules#scala-parser-combinators_2.11;1.0.3 ...
sbt-chain: Checking cache for: dependency: org.scala-lang.modules#scala-parser-combinators_2.11;1.0.3 {compile=[compile(*), master(compile)], runtime=[runtime(*)]}
sbt-chain: module revision found in cache: org.scala-lang.modules#scala-parser-combinators_2.11;1.0.3
	found org.scala-lang.modules#scala-parser-combinators_2.11;1.0.3 in sbt-chain
== resolving dependencies org.scala-lang#scala-compiler;2.11.5->org.scala-lang.modules#scala-parser-combinators_2.11;1.0.3 [compile->compile(*)]
== resolving dependencies org.scala-lang.modules#scala-parser-combinators_2.11;1.0.3->org.scala-lang#scala-library;2.11.2 [compile->master(compile)]
== resolving dependencies org.scala-lang.modules#scala-parser-combinators_2.11;1.0.3->org.scala-lang#scala-library;2.11.5 [compile->master(compile)]
== resolving dependencies org.scala-lang.modules#scala-parser-combinators_2.11;1.0.3->org.scala-lang#scala-library;2.11.2 [compile->compile(*)]
== resolving dependencies org.scala-lang.modules#scala-parser-combinators_2.11;1.0.3->org.scala-lang#scala-library;2.11.5 [compile->compile(*)]
== resolving dependencies org.scala-lang#scala-compiler;2.11.5->org.scala-lang.modules#scala-parser-combinators_2.11;1.0.3 [compile->runtime(*)]
== resolving dependencies org.scala-lang#scala-compiler;2.11.5->org.scala-lang.modules#scala-parser-combinators_2.11;1.0.3 [compile->compile]
== resolving dependencies org.scala-lang.modules#scala-parser-combinators_2.11;1.0.3->org.scala-lang#scala-library;2.11.2 [runtime->runtime(*)]
== resolving dependencies org.scala-lang.modules#scala-parser-combinators_2.11;1.0.3->org.scala-lang#scala-library;2.11.5 [runtime->runtime(*)]
== resolving dependencies org.scala-lang.modules#scala-parser-combinators_2.11;1.0.3->org.scala-lang#scala-library;2.11.5 [runtime->compile]
== resolving dependencies org.scala-lang#scala-compiler;2.11.5->org.scala-lang#scala-library;2.11.5 [runtime->runtime(*)]
== resolving dependencies org.scala-lang#scala-compiler;2.11.5->org.scala-lang#scala-library;2.11.5 [runtime->compile]
== resolving dependencies org.scala-lang#scala-compiler;2.11.5->org.scala-lang#scala-reflect;2.11.5 [runtime->runtime(*)]
== resolving dependencies org.scala-lang#scala-compiler;2.11.5->org.scala-lang#scala-reflect;2.11.5 [runtime->compile]
== resolving dependencies org.scala-lang#scala-compiler;2.11.5->org.scala-lang.modules#scala-xml_2.11;1.0.3 [runtime->runtime(*)]
== resolving dependencies org.scala-lang#scala-compiler;2.11.5->org.scala-lang.modules#scala-xml_2.11;1.0.3 [runtime->compile]
== resolving dependencies org.scala-lang#scala-compiler;2.11.5->org.scala-lang.modules#scala-parser-combinators_2.11;1.0.3 [runtime->runtime(*)]
== resolving dependencies org.scala-lang#scala-compiler;2.11.5->org.scala-lang.modules#scala-parser-combinators_2.11;1.0.3 [runtime->compile]
== resolving dependencies futures-examples#futures-examples_2.11;1.0->org.scala-lang#scala-compiler;2.11.5 [scala-tool->master]
== resolving dependencies futures-examples#futures-examples_2.11;1.0->org.scala-lang#scala-compiler;2.11.5 [scala-tool->optional(default)]
== resolving dependencies org.scala-lang#scala-compiler;2.11.5->jline#jline;2.12 [optional->master(compile)]
Read from stdout: Resolving jline#jline;2.12 ...
Resolving jline#jline;2.12 ...
sbt-chain: Checking cache for: dependency: jline#jline;2.12 {optional=[compile(*), master(compile)]}
sbt-chain: module revision found in cache: jline#jline;2.12
	found jline#jline;2.12 in sbt-chain
== resolving dependencies org.scala-lang#scala-compiler;2.11.5->jline#jline;2.12 [optional->compile(*)]
== resolving dependencies futures-examples#futures-examples_2.11;1.0->org.scala-lang#scala-library;2.11.5 [scala-tool->default]
== resolving dependencies futures-examples#futures-examples_2.11;1.0->org.scala-lang#scala-library;2.11.5 [scala-tool->runtime]
== resolving dependencies futures-examples#futures-examples_2.11;1.0->org.scala-lang#scala-library;2.11.5 [scala-tool->compile]
== resolving dependencies futures-examples#futures-examples_2.11;1.0->org.scala-lang#scala-library;2.11.5 [scala-tool->master]
== resolving dependencies futures-examples#futures-examples_2.11;1.0->org.scala-lang#scala-library;2.11.5 [scala-tool->optional(default)]
	resolved ivy file produced in cache
:: downloading artifacts ::
	[NOT REQUIRED] org.scala-lang#scala-library;2.11.5!scala-library.jar
	[NOT REQUIRED] com.typesafe.akka#akka-actor_2.11;2.3.9!akka-actor_2.11.jar
	[NOT REQUIRED] org.scala-lang.modules#scala-java8-compat_2.11;0.7.0!scala-java8-compat_2.11.jar(bundle)
	[NOT REQUIRED] com.typesafe#config;1.2.1!config.jar(bundle)
	[NOT REQUIRED] org.scala-lang#scala-library;2.11.7!scala-library.jar
	[NOT REQUIRED] com.typesafe.akka#akka-testkit_2.11;2.3.9!akka-testkit_2.11.jar
	[NOT REQUIRED] junit#junit;4.11!junit.jar
	[NOT REQUIRED] com.novocode#junit-interface;0.11!junit-interface.jar
	[NOT REQUIRED] org.hamcrest#hamcrest-core;1.3!hamcrest-core.jar
	[NOT REQUIRED] org.scala-sbt#test-interface;1.0!test-interface.jar
	[NOT REQUIRED] org.scala-lang#scala-compiler;2.11.5!scala-compiler.jar
	[NOT REQUIRED] org.scala-lang#scala-reflect;2.11.5!scala-reflect.jar
	[NOT REQUIRED] org.scala-lang.modules#scala-xml_2.11;1.0.3!scala-xml_2.11.jar(bundle)
	[NOT REQUIRED] org.scala-lang.modules#scala-parser-combinators_2.11;1.0.3!scala-parser-combinators_2.11.jar(bundle)
	[NOT REQUIRED] jline#jline;2.12!jline.jar
:: resolution report :: resolve 737ms :: artifacts dl 41ms
	report for futures-examples#futures-examples_2.11;1.0 compile produced in C:\Users\tmccullough\dev\PingPong\target\resolution-cache\reports\futures-examples-futures-examples_2.11-compile.xml
	report for futures-examples#futures-examples_2.11;1.0 runtime produced in C:\Users\tmccullough\dev\PingPong\target\resolution-cache\reports\futures-examples-futures-examples_2.11-runtime.xml
	report for futures-examples#futures-examples_2.11;1.0 test produced in C:\Users\tmccullough\dev\PingPong\target\resolution-cache\reports\futures-examples-futures-examples_2.11-test.xml
	report for futures-examples#futures-examples_2.11;1.0 provided produced in C:\Users\tmccullough\dev\PingPong\target\resolution-cache\reports\futures-examples-futures-examples_2.11-provided.xml
	report for futures-examples#futures-examples_2.11;1.0 optional produced in C:\Users\tmccullough\dev\PingPong\target\resolution-cache\reports\futures-examples-futures-examples_2.11-optional.xml
	report for futures-examples#futures-examples_2.11;1.0 compile-internal produced in C:\Users\tmccullough\dev\PingPong\target\resolution-cache\reports\futures-examples-futures-examples_2.11-compile-internal.xml
	report for futures-examples#futures-examples_2.11;1.0 runtime-internal produced in C:\Users\tmccullough\dev\PingPong\target\resolution-cache\reports\futures-examples-futures-examples_2.11-runtime-internal.xml
	report for futures-examples#futures-examples_2.11;1.0 test-internal produced in C:\Users\tmccullough\dev\PingPong\target\resolution-cache\reports\futures-examples-futures-examples_2.11-test-internal.xml
	report for futures-examples#futures-examples_2.11;1.0 plugin produced in C:\Users\tmccullough\dev\PingPong\target\resolution-cache\reports\futures-examples-futures-examples_2.11-plugin.xml
	report for futures-examples#futures-examples_2.11;1.0 sources produced in C:\Users\tmccullough\dev\PingPong\target\resolution-cache\reports\futures-examples-futures-examples_2.11-sources.xml
	report for futures-examples#futures-examples_2.11;1.0 docs produced in C:\Users\tmccullough\dev\PingPong\target\resolution-cache\reports\futures-examples-futures-examples_2.11-docs.xml
	report for futures-examples#futures-examples_2.11;1.0 pom produced in C:\Users\tmccullough\dev\PingPong\target\resolution-cache\reports\futures-examples-futures-examples_2.11-pom.xml
	report for futures-examples#futures-examples_2.11;1.0 scala-tool produced in C:\Users\tmccullough\dev\PingPong\target\resolution-cache\reports\futures-examples-futures-examples_2.11-scala-tool.xml
	resolve done (737ms resolve - 41ms download)
Read from stdout: Done updating.
Done updating.
Read from stdout: Scala version was updated by one of library dependencies:
Scala version was updated by one of library dependencies:
Read from stdout: 	* org.scala-lang:scala-library:2.11.5 -> 2.11.7
	* org.scala-lang:scala-library:2.11.5 -> 2.11.7
Read from stdout: To force scalaVersion, add the following:
To force scalaVersion, add the following:
Read from stdout: 	ivyScala := ivyScala.value map { _.copy(overrideScalaVersion = true) }
	ivyScala := ivyScala.value map { _.copy(overrideScalaVersion = true) }
Read from stdout: Run 'evicted' to see detailed eviction warnings
Run 'evicted' to see detailed eviction warnings

Initial source changes: 
	removed:Set()
	added: Set(C:\Users\tmccullough\dev\PingPong\src\main\java\pong\JavaPongActor.java)
	modified: Set()
Removed products: Set()
External API changes: API Changes: Set()
Modified binary dependencies: Set()
Initial directly invalidated sources: Set(C:\Users\tmccullough\dev\PingPong\src\main\java\pong\JavaPongActor.java)

Sources indirectly invalidated by:
	product: Set()
	binary dep: Set()
	external source: Set()
All initially invalidated sources: Set(C:\Users\tmccullough\dev\PingPong\src\main\java\pong\JavaPongActor.java)

Recompiling all 1 sources: invalidated sources (1) exceeded 50.0% of all sources
Read from stdout: Compiling 1 Java source to C:\Users\tmccullough\dev\PingPong\target\scala-2.11\classes...
Compiling 1 Java source to C:\Users\tmccullough\dev\PingPong\target\scala-2.11\classes...
Attempting to call com.sun.tools.javac.api.JavacTool@1e1bf69 directly...
Read from stdout: C:\Users\tmccullough\dev\PingPong\src\main\java\pong\JavaPongActor.java: C:\Users\tmccullough\dev\PingPong\src\main\java\pong\JavaPongActor.java uses unchecked or unsafe operations.
C:\Users\tmccullough\dev\PingPong\src\main\java\pong\JavaPongActor.java: C:\Users\tmccullough\dev\PingPong\src\main\java\pong\JavaPongActor.java uses unchecked or unsafe operations.
Read from stdout: C:\Users\tmccullough\dev\PingPong\src\main\java\pong\JavaPongActor.java: Recompile with -Xlint:unchecked for details.
C:\Users\tmccullough\dev\PingPong\src\main\java\pong\JavaPongActor.java: Recompile with -Xlint:unchecked for details.
Java compilation took 0.698992223 s
Java analysis took 0.269240122 s
Java compile + analysis took 0.984573875 s
Invalidating C:\Users\tmccullough\dev\PingPong\src\main\java\pong\JavaPongActor.java...
Invalidating (transitively) by inheritance from C:\Users\tmccullough\dev\PingPong\src\main\java\pong\JavaPongActor.java...
Initial set of included nodes: Set(C:\Users\tmccullough\dev\PingPong\src\main\java\pong\JavaPongActor.java)
Invalidated by transitive inheritance dependency: Set(C:\Users\tmccullough\dev\PingPong\src\main\java\pong\JavaPongActor.java)
The C:\Users\tmccullough\dev\PingPong\src\main\java\pong\JavaPongActor.java source file has the following regular definitions changed:
	notify, JavaPongActor, wait, equals, context, self, receive, preRestart, aroundReceive, akka$actor$Actor$_setter_$self_$eq, postRestart, postStop, notifyAll, aroundPostRestart, emptyBehavior, aroundPreRestart, aroundPostStop, <init>, lambda$receive$1, preStart, unhandled, akka$actor$Actor$_setter_$context_$eq, getContext, sender, toString, getClass, lambda$receive$0, supervisorStrategy, hashCode, aroundPreStart.
All member reference dependencies will be considered within this context.
Name hashing optimization doesn't apply to non-Scala dependency: C:\Users\tmccullough\dev\PingPong\src\main\java\pong\JavaPongActor.java
New invalidations:
	Set()
Initial set of included nodes: Set()
Previously invalidated, but (transitively) depend on new invalidations:
	Set()
All newly invalidated sources after taking into account (previously) recompiled sources:Set()
Total time: 17 s, completed Feb 21, 2017 10:11:01 AM
> server-post-command-cleanup
> server-handle-next-server-request
> {file:/C:/Users/tmccullough/dev/PingPong/}pingpong/compile:mainClass
Evaluating tasks: compile:mainClass
Running task... Cancel: sbt.server.ServerTaskCancellation@2fd10, check cycles: false

Initial source changes: 
	removed:Set()
	added: Set()
	modified: Set()
Removed products: Set()
External API changes: API Changes: Set()
Modified binary dependencies: Set()
Initial directly invalidated sources: Set()

Sources indirectly invalidated by:
	product: Set()
	binary dep: Set()
	external source: Set()
All initially invalidated sources: Set()

Total time: 0 s, completed Feb 21, 2017 10:11:02 AM
> server-post-command-cleanup
> server-handle-next-server-request
> {file:/C:/Users/tmccullough/dev/PingPong/}pingpong/compile:discoveredMainClasses
Evaluating tasks: compile:discoveredMainClasses
Running task... Cancel: sbt.server.ServerTaskCancellation@1c304d, check cycles: false

Initial source changes: 
	removed:Set()
	added: Set()
	modified: Set()
Removed products: Set()
External API changes: API Changes: Set()
Modified binary dependencies: Set()
Initial directly invalidated sources: Set()

Sources indirectly invalidated by:
	product: Set()
	binary dep: Set()
	external source: Set()
All initially invalidated sources: Set()

Total time: 0 s, completed Feb 21, 2017 10:11:02 AM
> server-post-command-cleanup
> server-handle-next-server-request
> {file:/C:/Users/tmccullough/dev/PingPong/}pingpong/compile:mainClass
Evaluating tasks: compile:mainClass
Running task... Cancel: sbt.server.ServerTaskCancellation@9627d3, check cycles: false

Initial source changes: 
	removed:Set()
	added: Set()
	modified: Set()
Removed products: Set()
External API changes: API Changes: Set()
Modified binary dependencies: Set()
Initial directly invalidated sources: Set()

Sources indirectly invalidated by:
	product: Set()
	binary dep: Set()
	external source: Set()
All initially invalidated sources: Set()

Total time: 0 s, completed Feb 21, 2017 10:11:02 AM
> server-post-command-cleanup
> server-handle-next-server-request
> compile
Evaluating tasks: compile:compile
Running task... Cancel: sbt.server.ServerTaskCancellation@15dee4a, check cycles: false

Initial source changes: 
	removed:Set()
	added: Set()
	modified: Set(C:\Users\tmccullough\dev\PingPong\src\main\java\pong\JavaPongActor.java)
Removed products: Set()
External API changes: API Changes: Set()
Modified binary dependencies: Set()
Initial directly invalidated sources: Set(C:\Users\tmccullough\dev\PingPong\src\main\java\pong\JavaPongActor.java)

Sources indirectly invalidated by:
	product: Set()
	binary dep: Set()
	external source: Set()
All initially invalidated sources: Set(C:\Users\tmccullough\dev\PingPong\src\main\java\pong\JavaPongActor.java)

Recompiling all 1 sources: invalidated sources (1) exceeded 50.0% of all sources
Read from stdout: Compiling 1 Java source to C:\Users\tmccullough\dev\PingPong\target\scala-2.11\classes...
Compiling 1 Java source to C:\Users\tmccullough\dev\PingPong\target\scala-2.11\classes...
Attempting to call com.sun.tools.javac.api.JavacTool@d7d7d7 directly...
Read from stdout: C:\Users\tmccullough\dev\PingPong\src\main\java\pong\JavaPongActor.java: C:\Users\tmccullough\dev\PingPong\src\main\java\pong\JavaPongActor.java uses unchecked or unsafe operations.
C:\Users\tmccullough\dev\PingPong\src\main\java\pong\JavaPongActor.java: C:\Users\tmccullough\dev\PingPong\src\main\java\pong\JavaPongActor.java uses unchecked or unsafe operations.
Read from stdout: C:\Users\tmccullough\dev\PingPong\src\main\java\pong\JavaPongActor.java: Recompile with -Xlint:unchecked for details.
C:\Users\tmccullough\dev\PingPong\src\main\java\pong\JavaPongActor.java: Recompile with -Xlint:unchecked for details.
Java compilation took 0.171410018 s
Java analysis took 0.039807366 s
Java compile + analysis took 0.218942486 s
New invalidations:
	Set()
Initial set of included nodes: Set()
Previously invalidated, but (transitively) depend on new invalidations:
	Set()
All newly invalidated sources after taking into account (previously) recompiled sources:Set()
Total time: 1 s, completed Feb 21, 2017 10:20:01 AM
> server-post-command-cleanup
> server-handle-next-server-request
> test
Evaluating tasks: test:test
Running task... Cancel: sbt.server.ServerTaskCancellation@181acf1, check cycles: false

Initial source changes: 
	removed:Set()
	added: Set()
	modified: Set()
Removed products: Set()
External API changes: API Changes: Set()
Modified binary dependencies: Set()
Initial directly invalidated sources: Set()

Sources indirectly invalidated by:
	product: Set()
	binary dep: Set()
	external source: Set()
All initially invalidated sources: Set()

Copy resource mappings: 
	
Invalidating C:\dev\activator-dist-1.3.12\repository\junit\junit\4.12\jars\junit.jar: class org.junit.Assert now provided by C:\dev\activator-dist-1.3.12\repository\junit\junit\4.11\jars\junit.jar

Initial source changes: 
	removed:Set(C:\Users\tmccullough\dev\PingPong\src\test\java\pong\HelloTest.java)
	added: Set(C:\Users\tmccullough\dev\PingPong\src\test\java\pong\PongActorTest.java)
	modified: Set()
Removed products: Set()
External API changes: API Changes: Set()
Modified binary dependencies: Set(C:\dev\activator-dist-1.3.12\repository\junit\junit\4.12\jars\junit.jar)
Initial directly invalidated sources: Set(C:\Users\tmccullough\dev\PingPong\src\test\java\pong\HelloTest.java, C:\Users\tmccullough\dev\PingPong\src\test\java\pong\PongActorTest.java)

Sources indirectly invalidated by:
	product: Set()
	binary dep: Set(C:\Users\tmccullough\dev\PingPong\src\test\java\pong\HelloTest.java)
	external source: Set()
All initially invalidated sources: Set(C:\Users\tmccullough\dev\PingPong\src\test\java\pong\HelloTest.java, C:\Users\tmccullough\dev\PingPong\src\test\java\pong\PongActorTest.java)

Recompiling all 1 sources: invalidated sources (2) exceeded 50.0% of all sources
Read from stdout: Compiling 1 Java source to C:\Users\tmccullough\dev\PingPong\target\scala-2.11\test-classes...
Compiling 1 Java source to C:\Users\tmccullough\dev\PingPong\target\scala-2.11\test-classes...
Attempting to call com.sun.tools.javac.api.JavacTool@c73937 directly...
Read from stdout: C:\Users\tmccullough\dev\PingPong\src\test\java\pong\PongActorTest.java: C:\Users\tmccullough\dev\PingPong\src\test\java\pong\PongActorTest.java uses unchecked or unsafe operations.
C:\Users\tmccullough\dev\PingPong\src\test\java\pong\PongActorTest.java: C:\Users\tmccullough\dev\PingPong\src\test\java\pong\PongActorTest.java uses unchecked or unsafe operations.
Read from stdout: C:\Users\tmccullough\dev\PingPong\src\test\java\pong\PongActorTest.java: Recompile with -Xlint:unchecked for details.
C:\Users\tmccullough\dev\PingPong\src\test\java\pong\PongActorTest.java: Recompile with -Xlint:unchecked for details.
Java compilation took 0.290217503 s
Java analysis took 0.073187937 s
Java compile + analysis took 0.372607666 s
Invalidating C:\Users\tmccullough\dev\PingPong\src\test\java\pong\PongActorTest.java...
Invalidating (transitively) by inheritance from C:\Users\tmccullough\dev\PingPong\src\test\java\pong\PongActorTest.java...
Initial set of included nodes: Set(C:\Users\tmccullough\dev\PingPong\src\test\java\pong\PongActorTest.java)
Invalidated by transitive inheritance dependency: Set(C:\Users\tmccullough\dev\PingPong\src\test\java\pong\PongActorTest.java)
The C:\Users\tmccullough\dev\PingPong\src\test\java\pong\PongActorTest.java source file has the following regular definitions changed:
	notify, shouldRecoverOnErrorAsync, wait, system, lambda$shouldPrintErrorToConsole$9, equals, actorRef, PongActorTest, lambda$shouldTransformAsync$2, lambda$shouldRecoverOnErrorAsync$6, shouldPrintErrorToConsole, lambda$shouldRecoverOnErrorAsync$5, notifyAll, lambda$shouldChainTogetherMultipleOperations$8, shouldEffectOnError, shouldPrintToConsole, <init>, lambda$shouldEffectOnError$3, shouldReplyToUnknownMessageWithFailure, lambda$shouldPrintToConsole$0, shouldChainTogetherMultipleOperations, lambda$shouldRecoverOnError$4, toString, get, getClass, shouldTransform, lambda$shouldTransform$1, lambda$shouldChainTogetherMultipleOperations$7, shouldReplyToPingWithPong, shouldTransformAsync, shouldRecoverOnError, hashCode, askPong.
All member reference dependencies will be considered within this context.
Name hashing optimization doesn't apply to non-Scala dependency: C:\Users\tmccullough\dev\PingPong\src\test\java\pong\PongActorTest.java
Invalidating C:\Users\tmccullough\dev\PingPong\src\test\java\pong\HelloTest.java...
Invalidating (transitively) by inheritance from C:\Users\tmccullough\dev\PingPong\src\test\java\pong\HelloTest.java...
Initial set of included nodes: Set(C:\Users\tmccullough\dev\PingPong\src\test\java\pong\HelloTest.java)
Invalidated by transitive inheritance dependency: Set(C:\Users\tmccullough\dev\PingPong\src\test\java\pong\HelloTest.java)
The C:\Users\tmccullough\dev\PingPong\src\test\java\pong\HelloTest.java source file has the following regular definitions changed:
	notify, wait, HelloTest, equals, testMessage, notifyAll, <init>, toString, getClass, hashCode.
All member reference dependencies will be considered within this context.
New invalidations:
	Set()
Initial set of included nodes: Set()
Previously invalidated, but (transitively) depend on new invalidations:
	Set()
All newly invalidated sources after taking into account (previously) recompiled sources:Set()
Copy resource mappings: 
	
Framework implementation 'org.scalacheck.ScalaCheckFramework' not present.
Framework implementation 'org.specs2.runner.Specs2Framework' not present.
Framework implementation 'org.specs2.runner.SpecsFramework' not present.
Framework implementation 'org.specs.runner.SpecsFramework' not present.
Framework implementation 'org.scalatest.tools.Framework' not present.
Framework implementation 'org.scalatest.tools.ScalaTestFramework' not present.
Subclass fingerprints: List((junit.framework.TestCase,false,com.novocode.junit.JUnit3Fingerprint@6e6c04))
Annotation fingerprints: List((org.junit.runner.RunWith,false,com.novocode.junit.RunWithFingerprint@178a8aa), (org.junit.Test,false,com.novocode.junit.JUnitFingerprint@d7eb0d))
Running TaskDef(pong.PongActorTest, com.novocode.junit.JUnitFingerprint@d7eb0d, false, [SuiteSelector])
replied with: Pong
Error: java.lang.Exception: unknown message
Error: java.lang.Exception: unknown message
Summary for JUnit not available.
Read from stdout: Passed: Total 10, Failed 0, Errors 0, Passed 10
Passed: Total 10, Failed 0, Errors 0, Passed 10
Passed tests:
	pong.PongActorTest
Total time: 2 s, completed Feb 21, 2017 10:20:03 AM
> server-post-command-cleanup
> server-handle-next-server-request
